foowipe/frontendTest/android/app/build/intermediates/manifest_merge_blame_file/debug/manifest-merger-blame-debug-report.txt
1<?xml version="1.0" encoding="utf-8"?>
2<manifest xmlns:android="http://schemas.android.com/apk/res/android"
3    package="com.frontendtest"
4    android:versionCode="1"
5    android:versionName="1.0" >
6
7    <uses-sdk
8        android:minSdkVersion="16"
9        android:targetSdkVersion="28" />
10
11    <uses-permission android:name="android.permission.SYSTEM_ALERT_WINDOW" />
11-->src\debug\AndroidManifest.xml:5:5-77
11-->src\debug\AndroidManifest.xml:5:22-75
12    <uses-permission android:name="android.permission.INTERNET" />
12-->src\main\AndroidManifest.xml:4:5-67
12-->src\main\AndroidManifest.xml:4:22-64
13    <uses-permission android:name="android.permission.ACCESS_WIFI_STATE" />
13-->[com.facebook.flipper:flipper:0.33.1] AndroidManifest.xml:16:5-76
13-->[com.facebook.flipper:flipper:0.33.1] AndroidManifest.xml:16:22-73
14
15    <uses-feature
15-->[com.naver.maps:map-sdk:3.7.1] AndroidManifest.xml:11:5-13:35
16        android:glEsVersion="0x00020000"
16-->[com.naver.maps:map-sdk:3.7.1] AndroidManifest.xml:12:9-41
17        android:required="true" />
17-->[com.naver.maps:map-sdk:3.7.1] AndroidManifest.xml:13:9-32
18    <uses-feature
18-->[com.naver.maps:map-sdk:3.7.1] AndroidManifest.xml:14:5-16:36
19        android:name="android.hardware.wifi"
19-->[com.naver.maps:map-sdk:3.7.1] AndroidManifest.xml:15:9-45
20        android:required="false" />
20-->[com.naver.maps:map-sdk:3.7.1] AndroidManifest.xml:16:9-33
21
22    <uses-permission android:name="android.permission.ACCESS_NETWORK_STATE" />
22-->[com.naver.maps:map-sdk:3.7.1] AndroidManifest.xml:19:5-79
22-->[com.naver.maps:map-sdk:3.7.1] AndroidManifest.xml:19:22-76
23
24    <application
24-->src\main\AndroidManifest.xml:6:5-28:19
25        android:name="com.frontendtest.MainApplication"
25-->src\main\AndroidManifest.xml:7:7-38
26        android:allowBackup="false"
26-->src\main\AndroidManifest.xml:11:7-34
27        android:appComponentFactory="androidx.core.app.CoreComponentFactory"
27-->[androidx.core:core:1.1.0] AndroidManifest.xml:24:18-86
28        android:debuggable="true"
29        android:icon="@mipmap/ic_launcher"
29-->src\main\AndroidManifest.xml:9:7-41
30        android:label="@string/app_name"
30-->src\main\AndroidManifest.xml:8:7-39
31        android:roundIcon="@mipmap/ic_launcher_round"
31-->src\main\AndroidManifest.xml:10:7-52
32        android:theme="@style/AppTheme"
32-->src\main\AndroidManifest.xml:12:7-38
33        android:usesCleartextTraffic="true" >
33-->src\debug\AndroidManifest.xml:7:18-53
34        <meta-data
34-->src\main\AndroidManifest.xml:13:7-15:42
35            android:name="com.naver.maps.map.CLIENT_ID"
35-->src\main\AndroidManifest.xml:14:13-56
36            android:value="6woodxyvhk" />
36-->src\main\AndroidManifest.xml:15:13-39
37
38        <activity
38-->src\main\AndroidManifest.xml:16:7-26:18
39            android:name="com.frontendtest.MainActivity"
39-->src\main\AndroidManifest.xml:17:9-37
40            android:configChanges="keyboard|keyboardHidden|orientation|screenSize|uiMode"
40-->src\main\AndroidManifest.xml:19:9-86
41            android:label="@string/app_name"
41-->src\main\AndroidManifest.xml:18:9-41
42            android:launchMode="singleTask"
42-->src\main\AndroidManifest.xml:20:9-40
43            android:windowSoftInputMode="adjustResize" >
43-->src\main\AndroidManifest.xml:21:9-51
44            <intent-filter>
44-->src\main\AndroidManifest.xml:22:9-25:25
45                <action android:name="android.intent.action.MAIN" />
45-->src\main\AndroidManifest.xml:23:13-65
45-->src\main\AndroidManifest.xml:23:21-62
46
47                <category android:name="android.intent.category.LAUNCHER" />
47-->src\main\AndroidManifest.xml:24:13-73
47-->src\main\AndroidManifest.xml:24:23-70
48            </intent-filter>
49        </activity>
50        <activity android:name="com.facebook.react.devsupport.DevSettingsActivity" />
50-->src\main\AndroidManifest.xml:27:7-84
50-->src\main\AndroidManifest.xml:27:17-81
51        <activity
51-->[com.naver.maps:map-sdk:3.7.1] AndroidManifest.xml:23:9-27:51
52            android:name="com.naver.maps.map.app.LegendActivity"
52-->[com.naver.maps:map-sdk:3.7.1] AndroidManifest.xml:24:13-65
53            android:configChanges="screenSize|smallestScreenSize|screenLayout|orientation"
53-->[com.naver.maps:map-sdk:3.7.1] AndroidManifest.xml:25:13-91
54            android:label="@string/navermap_legend"
54-->[com.naver.maps:map-sdk:3.7.1] AndroidManifest.xml:26:13-52
55            android:theme="@style/navermap_app" />
55-->[com.naver.maps:map-sdk:3.7.1] AndroidManifest.xml:27:13-48
56        <activity
56-->[com.naver.maps:map-sdk:3.7.1] AndroidManifest.xml:28:9-32:51
57            android:name="com.naver.maps.map.app.LegalNoticeActivity"
57-->[com.naver.maps:map-sdk:3.7.1] AndroidManifest.xml:29:13-70
58            android:configChanges="screenSize|smallestScreenSize|screenLayout|orientation"
58-->[com.naver.maps:map-sdk:3.7.1] AndroidManifest.xml:30:13-91
59            android:label="@string/navermap_legal_notice"
59-->[com.naver.maps:map-sdk:3.7.1] AndroidManifest.xml:31:13-58
60            android:theme="@style/navermap_app" />
60-->[com.naver.maps:map-sdk:3.7.1] AndroidManifest.xml:32:13-48
61        <activity
61-->[com.naver.maps:map-sdk:3.7.1] AndroidManifest.xml:33:9-37:51
62            android:name="com.naver.maps.map.app.OpenSourceLicenseActivity"
62-->[com.naver.maps:map-sdk:3.7.1] AndroidManifest.xml:34:13-76
63            android:configChanges="screenSize|smallestScreenSize|screenLayout|orientation"
63-->[com.naver.maps:map-sdk:3.7.1] AndroidManifest.xml:35:13-91
64            android:label="@string/navermap_open_source_license"
64-->[com.naver.maps:map-sdk:3.7.1] AndroidManifest.xml:36:13-65
65            android:theme="@style/navermap_app" />
65-->[com.naver.maps:map-sdk:3.7.1] AndroidManifest.xml:37:13-48
66        <activity
66-->[com.google.android.gms:play-services-base:16.0.1] AndroidManifest.xml:23:9-26:75
67            android:name="com.google.android.gms.common.api.GoogleApiActivity"
67-->[com.google.android.gms:play-services-base:16.0.1] AndroidManifest.xml:24:13-79
68            android:exported="false"
68-->[com.google.android.gms:play-services-base:16.0.1] AndroidManifest.xml:25:13-37
69            android:theme="@android:style/Theme.Translucent.NoTitleBar" />
69-->[com.google.android.gms:play-services-base:16.0.1] AndroidManifest.xml:26:13-72
70
71        <meta-data
71-->[com.google.android.gms:play-services-basement:16.0.1] AndroidManifest.xml:23:9-25:69
72            android:name="com.google.android.gms.version"
72-->[com.google.android.gms:play-services-basement:16.0.1] AndroidManifest.xml:24:13-58
73            android:value="@integer/google_play_services_version" />
73-->[com.google.android.gms:play-services-basement:16.0.1] AndroidManifest.xml:25:13-66
74    </application>
75
76</manifest>